{"C:\\Users\\cuerv\\programacion\\javascript\\Fullstackopen\\parte5\\bloglist-frontend\\src\\App.js": {"path":"C:\\Users\\cuerv\\programacion\\javascript\\Fullstackopen\\parte5\\bloglist-frontend\\src\\App.js","statementMap":{"0":{"start":{"line":1,"column":0},"end":{"line":null,"column":-1}},"1":{"start":{"line":3,"column":0},"end":{"line":null,"column":-1}},"2":{"start":{"line":4,"column":0},"end":{"line":null,"column":-1}},"3":{"start":{"line":5,"column":0},"end":{"line":null,"column":-1}},"4":{"start":{"line":6,"column":0},"end":{"line":null,"column":-1}},"5":{"start":{"line":7,"column":0},"end":{"line":null,"column":-1}},"6":{"start":{"line":8,"column":0},"end":{"line":null,"column":-1}},"7":{"start":{"line":9,"column":0},"end":{"line":null,"column":-1}},"8":{"start":{"line":10,"column":0},"end":{"line":null,"column":-1}},"9":{"start":{"line":11,"column":0},"end":{"line":null,"column":-1}},"10":{"start":{"line":11,"column":52},"end":{"line":null,"column":-1}},"11":{"start":{"line":11,"column":52},"end":{"line":11,"column":51}},"12":{"start":{"line":13,"column":12},"end":{"line":145,"column":1}},"13":{"start":{"line":14,"column":28},"end":{"line":14,"column":40}},"14":{"start":{"line":14,"column":40},"end":{"line":null,"column":-1}},"15":{"start":{"line":14,"column":14},"end":{"line":null,"column":-1}},"16":{"start":{"line":14,"column":24},"end":{"line":null,"column":-1}},"17":{"start":{"line":15,"column":28},"end":{"line":15,"column":40}},"18":{"start":{"line":15,"column":40},"end":{"line":null,"column":-1}},"19":{"start":{"line":15,"column":14},"end":{"line":null,"column":-1}},"20":{"start":{"line":15,"column":24},"end":{"line":null,"column":-1}},"21":{"start":{"line":17,"column":42},"end":{"line":17,"column":56}},"22":{"start":{"line":17,"column":56},"end":{"line":null,"column":-1}},"23":{"start":{"line":17,"column":21},"end":{"line":null,"column":-1}},"24":{"start":{"line":17,"column":38},"end":{"line":null,"column":-1}},"25":{"start":{"line":18,"column":44},"end":{"line":18,"column":54}},"26":{"start":{"line":18,"column":54},"end":{"line":null,"column":-1}},"27":{"start":{"line":18,"column":22},"end":{"line":null,"column":-1}},"28":{"start":{"line":18,"column":40},"end":{"line":null,"column":-1}},"29":{"start":{"line":20,"column":2},"end":{"line":25,"column":8}},"30":{"start":{"line":21,"column":4},"end":{"line":23,"column":7}},"31":{"start":{"line":22,"column":6},"end":{"line":22,"column":23}},"32":{"start":{"line":26,"column":2},"end":{"line":33,"column":8}},"33":{"start":{"line":27,"column":27},"end":{"line":27,"column":75}},"34":{"start":{"line":28,"column":4},"end":{"line":32,"column":4}},"35":{"start":{"line":29,"column":19},"end":{"line":29,"column":45}},"36":{"start":{"line":30,"column":6},"end":{"line":30,"column":21}},"37":{"start":{"line":31,"column":6},"end":{"line":31,"column":38}},"38":{"start":{"line":34,"column":23},"end":{"line":49,"column":5}},"39":{"start":{"line":35,"column":6},"end":{"line":48,"column":8}},"40":{"start":{"line":37,"column":8},"end":{"line":39,"column":9}},"41":{"start":{"line":40,"column":8},"end":{"line":40,"column":45}},"42":{"start":{"line":41,"column":8},"end":{"line":41,"column":27}},"43":{"start":{"line":43,"column":8},"end":{"line":43,"column":52}},"44":{"start":{"line":44,"column":8},"end":{"line":44,"column":33}},"45":{"start":{"line":45,"column":8},"end":{"line":47,"column":16}},"46":{"start":{"line":46,"column":10},"end":{"line":46,"column":31}},"47":{"start":{"line":50,"column":24},"end":{"line":67,"column":5}},"48":{"start":{"line":51,"column":6},"end":{"line":66,"column":8}},"49":{"start":{"line":53,"column":8},"end":{"line":53,"column":67}},"50":{"start":{"line":54,"column":8},"end":{"line":54,"column":35}},"51":{"start":{"line":55,"column":8},"end":{"line":57,"column":16}},"52":{"start":{"line":56,"column":10},"end":{"line":56,"column":31}},"53":{"start":{"line":59,"column":8},"end":{"line":59,"column":39}},"54":{"start":{"line":61,"column":8},"end":{"line":61,"column":52}},"55":{"start":{"line":62,"column":8},"end":{"line":62,"column":33}},"56":{"start":{"line":63,"column":8},"end":{"line":65,"column":16}},"57":{"start":{"line":64,"column":10},"end":{"line":64,"column":31}},"58":{"start":{"line":68,"column":20},"end":{"line":80,"column":5}},"59":{"start":{"line":69,"column":6},"end":{"line":79,"column":8}},"60":{"start":{"line":71,"column":8},"end":{"line":76,"column":11}},"61":{"start":{"line":72,"column":10},"end":{"line":74,"column":10}},"62":{"start":{"line":73,"column":12},"end":{"line":73,"column":25}},"63":{"start":{"line":75,"column":10},"end":{"line":75,"column":18}},"64":{"start":{"line":78,"column":8},"end":{"line":78,"column":24}},"65":{"start":{"line":81,"column":21},"end":{"line":89,"column":5}},"66":{"start":{"line":82,"column":6},"end":{"line":88,"column":37}},"67":{"start":{"line":84,"column":8},"end":{"line":86,"column":9}},"68":{"start":{"line":85,"column":28},"end":{"line":85,"column":49}},"69":{"start":{"line":88,"column":20},"end":{"line":88,"column":36}},"70":{"start":{"line":90,"column":25},"end":{"line":101,"column":5}},"71":{"start":{"line":91,"column":24},"end":{"line":99,"column":8}},"72":{"start":{"line":92,"column":8},"end":{"line":94,"column":8}},"73":{"start":{"line":93,"column":10},"end":{"line":93,"column":19}},"74":{"start":{"line":95,"column":8},"end":{"line":97,"column":8}},"75":{"start":{"line":96,"column":10},"end":{"line":96,"column":18}},"76":{"start":{"line":98,"column":8},"end":{"line":98,"column":16}},"77":{"start":{"line":100,"column":6},"end":{"line":100,"column":31}},"78":{"start":{"line":102,"column":2},"end":{"line":144,"column":2}},"79":{"start":{"line":103,"column":4},"end":{"line":136,"column":12}},"80":{"start":{"line":107,"column":26},"end":{"line":107,"column":38}},"81":{"start":{"line":126,"column":10},"end":{"line":131,"column":12}},"82":{"start":{"line":139,"column":4},"end":{"line":142,"column":35}},"83":{"start":{"line":142,"column":21},"end":{"line":142,"column":33}},"84":{"start":{"line":147,"column":15},"end":{"line":147,"column":18}},"85":{"start":{"line":147,"column":18},"end":{"line":null,"column":-1}}},"fnMap":{"0":{"name":"_getRequireWildcardCache","decl":{"start":{"line":11,"column":52},"end":{"line":11,"column":51}},"loc":{"start":{"line":11,"column":52},"end":{"line":null,"column":-1}}},"1":{"name":"(anonymous_3)","decl":{"start":{"line":13,"column":12},"end":{"line":13,"column":11}},"loc":{"start":{"line":13,"column":18},"end":{"line":145,"column":1}}},"2":{"name":"(anonymous_4)","decl":{"start":{"line":20,"column":12},"end":{"line":20,"column":17}},"loc":{"start":{"line":20,"column":18},"end":{"line":25,"column":3}}},"3":{"name":"(anonymous_5)","decl":{"start":{"line":21,"column":30},"end":{"line":21,"column":34}},"loc":{"start":{"line":22,"column":6},"end":{"line":22,"column":23}}},"4":{"name":"(anonymous_6)","decl":{"start":{"line":26,"column":12},"end":{"line":26,"column":17}},"loc":{"start":{"line":26,"column":18},"end":{"line":33,"column":3}}},"5":{"name":"(anonymous_7)","decl":{"start":{"line":34,"column":23},"end":{"line":34,"column":32}},"loc":{"start":{"line":34,"column":38},"end":{"line":49,"column":5}}},"6":{"name":"(anonymous_8)","decl":{"start":{"line":36,"column":12},"end":{"line":36,"column":20}},"loc":{"start":{"line":36,"column":25},"end":{"line":42,"column":7}}},"7":{"name":"(anonymous_9)","decl":{"start":{"line":42,"column":15},"end":{"line":42,"column":23}},"loc":{"start":{"line":42,"column":28},"end":{"line":48,"column":7}}},"8":{"name":"(anonymous_10)","decl":{"start":{"line":45,"column":19},"end":{"line":45,"column":24}},"loc":{"start":{"line":45,"column":25},"end":{"line":47,"column":9}}},"9":{"name":"(anonymous_11)","decl":{"start":{"line":50,"column":24},"end":{"line":50,"column":33}},"loc":{"start":{"line":50,"column":39},"end":{"line":67,"column":5}}},"10":{"name":"(anonymous_12)","decl":{"start":{"line":52,"column":12},"end":{"line":52,"column":20}},"loc":{"start":{"line":52,"column":25},"end":{"line":60,"column":7}}},"11":{"name":"(anonymous_13)","decl":{"start":{"line":55,"column":19},"end":{"line":55,"column":24}},"loc":{"start":{"line":55,"column":25},"end":{"line":57,"column":9}}},"12":{"name":"(anonymous_14)","decl":{"start":{"line":60,"column":15},"end":{"line":60,"column":23}},"loc":{"start":{"line":60,"column":28},"end":{"line":66,"column":7}}},"13":{"name":"(anonymous_15)","decl":{"start":{"line":63,"column":19},"end":{"line":63,"column":24}},"loc":{"start":{"line":63,"column":25},"end":{"line":65,"column":9}}},"14":{"name":"(anonymous_16)","decl":{"start":{"line":68,"column":20},"end":{"line":68,"column":29}},"loc":{"start":{"line":68,"column":35},"end":{"line":80,"column":5}}},"15":{"name":"(anonymous_17)","decl":{"start":{"line":70,"column":13},"end":{"line":70,"column":18}},"loc":{"start":{"line":70,"column":24},"end":{"line":77,"column":7}}},"16":{"name":"(anonymous_18)","decl":{"start":{"line":71,"column":28},"end":{"line":71,"column":29}},"loc":{"start":{"line":71,"column":34},"end":{"line":76,"column":9}}},"17":{"name":"(anonymous_19)","decl":{"start":{"line":77,"column":16},"end":{"line":77,"column":18}},"loc":{"start":{"line":77,"column":24},"end":{"line":79,"column":7}}},"18":{"name":"(anonymous_20)","decl":{"start":{"line":81,"column":21},"end":{"line":81,"column":30}},"loc":{"start":{"line":81,"column":36},"end":{"line":89,"column":5}}},"19":{"name":"(anonymous_21)","decl":{"start":{"line":83,"column":12},"end":{"line":83,"column":20}},"loc":{"start":{"line":83,"column":25},"end":{"line":87,"column":7}}},"20":{"name":"(anonymous_22)","decl":{"start":{"line":85,"column":23},"end":{"line":85,"column":24}},"loc":{"start":{"line":85,"column":28},"end":{"line":85,"column":49}}},"21":{"name":"(anonymous_23)","decl":{"start":{"line":88,"column":13},"end":{"line":88,"column":15}},"loc":{"start":{"line":88,"column":20},"end":{"line":88,"column":36}}},"22":{"name":"(anonymous_24)","decl":{"start":{"line":90,"column":25},"end":{"line":90,"column":24}},"loc":{"start":{"line":90,"column":31},"end":{"line":101,"column":5}}},"23":{"name":"(anonymous_25)","decl":{"start":{"line":91,"column":35},"end":{"line":91,"column":44}},"loc":{"start":{"line":91,"column":51},"end":{"line":99,"column":7}}},"24":{"name":"(anonymous_26)","decl":{"start":{"line":107,"column":21},"end":{"line":107,"column":22}},"loc":{"start":{"line":107,"column":26},"end":{"line":107,"column":38}}},"25":{"name":"(anonymous_27)","decl":{"start":{"line":125,"column":21},"end":{"line":125,"column":24}},"loc":{"start":{"line":126,"column":10},"end":{"line":131,"column":12}}},"26":{"name":"(anonymous_28)","decl":{"start":{"line":142,"column":16},"end":{"line":142,"column":17}},"loc":{"start":{"line":142,"column":21},"end":{"line":142,"column":33}}}},"branchMap":{"0":{"loc":{"start":{"line":11,"column":52},"end":{"line":11,"column":51}},"type":"if","locations":[{"start":{"line":11,"column":52},"end":{"line":11,"column":51}},{"start":{"line":11,"column":52},"end":{"line":11,"column":51}}]},"1":{"loc":{"start":{"line":11,"column":52},"end":{"line":11,"column":51}},"type":"binary-expr","locations":[{"start":{"line":11,"column":52},"end":{"line":11,"column":51}},{"start":{"line":11,"column":52},"end":{"line":11,"column":51}},{"start":{"line":11,"column":52},"end":{"line":11,"column":51}}]},"2":{"loc":{"start":{"line":28,"column":4},"end":{"line":32,"column":4}},"type":"if","locations":[{"start":{"line":28,"column":4},"end":{"line":32,"column":4}},{"start":{"line":28,"column":4},"end":{"line":32,"column":4}}]},"3":{"loc":{"start":{"line":72,"column":10},"end":{"line":74,"column":10}},"type":"if","locations":[{"start":{"line":72,"column":10},"end":{"line":74,"column":10}},{"start":{"line":72,"column":10},"end":{"line":74,"column":10}}]},"4":{"loc":{"start":{"line":92,"column":8},"end":{"line":94,"column":8}},"type":"if","locations":[{"start":{"line":92,"column":8},"end":{"line":94,"column":8}},{"start":{"line":92,"column":8},"end":{"line":94,"column":8}}]},"5":{"loc":{"start":{"line":95,"column":8},"end":{"line":97,"column":8}},"type":"if","locations":[{"start":{"line":95,"column":8},"end":{"line":97,"column":8}},{"start":{"line":95,"column":8},"end":{"line":97,"column":8}}]},"6":{"loc":{"start":{"line":102,"column":2},"end":{"line":144,"column":2}},"type":"if","locations":[{"start":{"line":102,"column":2},"end":{"line":144,"column":2}},{"start":{"line":102,"column":2},"end":{"line":144,"column":2}}]},"7":{"loc":{"start":{"line":125,"column":11},"end":{"line":132,"column":9}},"type":"cond-expr","locations":[{"start":{"line":125,"column":11},"end":{"line":132,"column":9}},{"start":{"line":133,"column":9},"end":{"line":133,"column":30}}]},"8":{"loc":{"start":{"line":124,"column":10},"end":{"line":124,"column":15}},"type":"binary-expr","locations":[{"start":{"line":124,"column":10},"end":{"line":124,"column":15}},{"start":{"line":124,"column":19},"end":{"line":124,"column":35}}]}},"s":{"0":0,"1":0,"2":0,"3":0,"4":0,"5":0,"6":0,"7":0,"8":0,"9":0,"10":0,"11":0,"12":0,"13":0,"14":0,"15":0,"16":0,"17":0,"18":0,"19":0,"20":0,"21":0,"22":0,"23":0,"24":0,"25":0,"26":0,"27":0,"28":0,"29":0,"30":0,"31":0,"32":0,"33":0,"34":0,"35":0,"36":0,"37":0,"38":0,"39":0,"40":0,"41":0,"42":0,"43":0,"44":0,"45":0,"46":0,"47":0,"48":0,"49":0,"50":0,"51":0,"52":0,"53":0,"54":0,"55":0,"56":0,"57":0,"58":0,"59":0,"60":0,"61":0,"62":0,"63":0,"64":0,"65":0,"66":0,"67":0,"68":0,"69":0,"70":0,"71":0,"72":0,"73":0,"74":0,"75":0,"76":0,"77":0,"78":0,"79":0,"80":0,"81":0,"82":0,"83":0,"84":0,"85":0},"f":{"0":0,"1":0,"2":0,"3":0,"4":0,"5":0,"6":0,"7":0,"8":0,"9":0,"10":0,"11":0,"12":0,"13":0,"14":0,"15":0,"16":0,"17":0,"18":0,"19":0,"20":0,"21":0,"22":0,"23":0,"24":0,"25":0,"26":0},"b":{"0":[0,0],"1":[0,0,0],"2":[0,0],"3":[0,0],"4":[0,0],"5":[0,0],"6":[0,0],"7":[0,0],"8":[0,0]}}
,"C:\\Users\\cuerv\\programacion\\javascript\\Fullstackopen\\parte5\\bloglist-frontend\\src\\index.js": {"path":"C:\\Users\\cuerv\\programacion\\javascript\\Fullstackopen\\parte5\\bloglist-frontend\\src\\index.js","statementMap":{"0":{"start":{"line":1,"column":0},"end":{"line":null,"column":-1}},"1":{"start":{"line":3,"column":0},"end":{"line":null,"column":-1}},"2":{"start":{"line":4,"column":0},"end":{"line":null,"column":-1}},"3":{"start":{"line":4,"column":23},"end":{"line":null,"column":-1}},"4":{"start":{"line":6,"column":0},"end":{"line":6,"column":68}}},"fnMap":{},"branchMap":{},"s":{"0":0,"1":0,"2":0,"3":0,"4":0},"f":{},"b":{}}
,"C:\\Users\\cuerv\\programacion\\javascript\\Fullstackopen\\parte5\\bloglist-frontend\\src\\components\\Blog.js": {"path":"C:\\Users\\cuerv\\programacion\\javascript\\Fullstackopen\\parte5\\bloglist-frontend\\src\\components\\Blog.js","statementMap":{"0":{"start":{"line":4,"column":13},"end":{"line":31,"column":1}},"1":{"start":{"line":5,"column":21},"end":{"line":8,"column":3}},"2":{"start":{"line":6,"column":4},"end":{"line":6,"column":21}},"3":{"start":{"line":10,"column":23},"end":{"line":16,"column":3}},"4":{"start":{"line":11,"column":20},"end":{"line":11,"column":84}},"5":{"start":{"line":12,"column":4},"end":{"line":15,"column":5}},"6":{"start":{"line":13,"column":6},"end":{"line":13,"column":33}},"7":{"start":{"line":17,"column":2},"end":{"line":30,"column":3}}},"fnMap":{"0":{"name":"(anonymous_0)","decl":{"start":{"line":4,"column":13},"end":{"line":4,"column":14}},"loc":{"start":{"line":4,"column":51},"end":{"line":31,"column":1}},"line":4},"1":{"name":"(anonymous_1)","decl":{"start":{"line":5,"column":21},"end":{"line":5,"column":22}},"loc":{"start":{"line":5,"column":27},"end":{"line":8,"column":3}},"line":5},"2":{"name":"(anonymous_2)","decl":{"start":{"line":10,"column":23},"end":{"line":10,"column":24}},"loc":{"start":{"line":10,"column":29},"end":{"line":16,"column":3}},"line":10}},"branchMap":{"0":{"loc":{"start":{"line":12,"column":4},"end":{"line":15,"column":5}},"type":"if","locations":[{"start":{"line":12,"column":4},"end":{"line":15,"column":5}},{"start":{"line":12,"column":4},"end":{"line":15,"column":5}}],"line":12}},"s":{"0":1,"1":4,"2":2,"3":4,"4":1,"5":1,"6":1,"7":4},"f":{"0":4,"1":2,"2":1},"b":{"0":[1,0]},"_coverageSchema":"332fd63041d2c1bcb487cc26dd0d5f7d97098a6c","hash":"cf27674ccacbf618349410b523ea5ad9a541c453"}
,"C:\\Users\\cuerv\\programacion\\javascript\\Fullstackopen\\parte5\\bloglist-frontend\\src\\components\\FormBlogCreate.js": {"path":"C:\\Users\\cuerv\\programacion\\javascript\\Fullstackopen\\parte5\\bloglist-frontend\\src\\components\\FormBlogCreate.js","statementMap":{"0":{"start":{"line":5,"column":28},"end":{"line":5,"column":40}},"1":{"start":{"line":6,"column":30},"end":{"line":6,"column":42}},"2":{"start":{"line":7,"column":24},"end":{"line":7,"column":36}},"3":{"start":{"line":10,"column":23},"end":{"line":17,"column":3}},"4":{"start":{"line":11,"column":4},"end":{"line":11,"column":22}},"5":{"start":{"line":12,"column":4},"end":{"line":12,"column":44}},"6":{"start":{"line":14,"column":4},"end":{"line":14,"column":17}},"7":{"start":{"line":15,"column":4},"end":{"line":15,"column":16}},"8":{"start":{"line":16,"column":4},"end":{"line":16,"column":14}},"9":{"start":{"line":18,"column":2},"end":{"line":52,"column":3}},"10":{"start":{"line":27,"column":36},"end":{"line":27,"column":58}},"11":{"start":{"line":37,"column":36},"end":{"line":37,"column":59}},"12":{"start":{"line":47,"column":36},"end":{"line":47,"column":56}}},"fnMap":{"0":{"name":"FormBlogCreate","decl":{"start":{"line":4,"column":24},"end":{"line":4,"column":38}},"loc":{"start":{"line":4,"column":50},"end":{"line":53,"column":1}},"line":4},"1":{"name":"(anonymous_1)","decl":{"start":{"line":10,"column":23},"end":{"line":10,"column":24}},"loc":{"start":{"line":10,"column":30},"end":{"line":17,"column":3}},"line":10},"2":{"name":"(anonymous_2)","decl":{"start":{"line":27,"column":20},"end":{"line":27,"column":21}},"loc":{"start":{"line":27,"column":36},"end":{"line":27,"column":58}},"line":27},"3":{"name":"(anonymous_3)","decl":{"start":{"line":37,"column":20},"end":{"line":37,"column":21}},"loc":{"start":{"line":37,"column":36},"end":{"line":37,"column":59}},"line":37},"4":{"name":"(anonymous_4)","decl":{"start":{"line":47,"column":20},"end":{"line":47,"column":21}},"loc":{"start":{"line":47,"column":36},"end":{"line":47,"column":56}},"line":47}},"branchMap":{},"s":{"0":5,"1":5,"2":5,"3":5,"4":1,"5":1,"6":1,"7":1,"8":1,"9":5,"10":1,"11":1,"12":1},"f":{"0":5,"1":1,"2":1,"3":1,"4":1},"b":{},"_coverageSchema":"332fd63041d2c1bcb487cc26dd0d5f7d97098a6c","hash":"08120be4a485d33c3b6c3e90ea1f7ed274aa81e7"}
,"C:\\Users\\cuerv\\programacion\\javascript\\Fullstackopen\\parte5\\bloglist-frontend\\src\\components\\FormLogin.js": {"path":"C:\\Users\\cuerv\\programacion\\javascript\\Fullstackopen\\parte5\\bloglist-frontend\\src\\components\\FormLogin.js","statementMap":{"0":{"start":{"line":1,"column":0},"end":{"line":null,"column":-1}},"1":{"start":{"line":1,"column":39},"end":{"line":null,"column":-1}},"2":{"start":{"line":1,"column":39},"end":{"line":1,"column":38}},"3":{"start":{"line":4,"column":34},"end":{"line":4,"column":46}},"4":{"start":{"line":4,"column":46},"end":{"line":null,"column":-1}},"5":{"start":{"line":4,"column":17},"end":{"line":null,"column":-1}},"6":{"start":{"line":4,"column":30},"end":{"line":null,"column":-1}},"7":{"start":{"line":5,"column":34},"end":{"line":5,"column":46}},"8":{"start":{"line":5,"column":46},"end":{"line":null,"column":-1}},"9":{"start":{"line":5,"column":17},"end":{"line":null,"column":-1}},"10":{"start":{"line":5,"column":30},"end":{"line":null,"column":-1}},"11":{"start":{"line":8,"column":23},"end":{"line":14,"column":3}},"12":{"start":{"line":9,"column":4},"end":{"line":9,"column":26}},"13":{"start":{"line":10,"column":4},"end":{"line":10,"column":33}},"14":{"start":{"line":12,"column":4},"end":{"line":12,"column":19}},"15":{"start":{"line":13,"column":4},"end":{"line":13,"column":19}},"16":{"start":{"line":16,"column":2},"end":{"line":38,"column":11}},"17":{"start":{"line":25,"column":36},"end":{"line":25,"column":62}},"18":{"start":{"line":34,"column":36},"end":{"line":34,"column":62}}},"fnMap":{"0":{"name":"_getRequireWildcardCache","decl":{"start":{"line":1,"column":39},"end":{"line":1,"column":38}},"loc":{"start":{"line":1,"column":39},"end":{"line":null,"column":-1}}},"1":{"name":"FormLogin","decl":{"start":{"line":3,"column":24},"end":{"line":3,"column":33}},"loc":{"start":{"line":3,"column":57},"end":{"line":40,"column":0}}},"2":{"name":"(anonymous_4)","decl":{"start":{"line":8,"column":23},"end":{"line":8,"column":27}},"loc":{"start":{"line":8,"column":33},"end":{"line":14,"column":3}}},"3":{"name":"(anonymous_5)","decl":{"start":{"line":25,"column":20},"end":{"line":25,"column":21}},"loc":{"start":{"line":25,"column":36},"end":{"line":25,"column":62}}},"4":{"name":"(anonymous_6)","decl":{"start":{"line":34,"column":20},"end":{"line":34,"column":21}},"loc":{"start":{"line":34,"column":36},"end":{"line":34,"column":62}}}},"branchMap":{"0":{"loc":{"start":{"line":1,"column":39},"end":{"line":1,"column":38}},"type":"if","locations":[{"start":{"line":1,"column":39},"end":{"line":1,"column":38}},{"start":{"line":1,"column":39},"end":{"line":1,"column":38}}]},"1":{"loc":{"start":{"line":1,"column":39},"end":{"line":1,"column":38}},"type":"binary-expr","locations":[{"start":{"line":1,"column":39},"end":{"line":1,"column":38}},{"start":{"line":1,"column":39},"end":{"line":1,"column":38}},{"start":{"line":1,"column":39},"end":{"line":1,"column":38}}]}},"s":{"0":0,"1":0,"2":0,"3":0,"4":0,"5":0,"6":0,"7":0,"8":0,"9":0,"10":0,"11":0,"12":0,"13":0,"14":0,"15":0,"16":0,"17":0,"18":0},"f":{"0":0,"1":0,"2":0,"3":0,"4":0},"b":{"0":[0,0],"1":[0,0,0]}}
,"C:\\Users\\cuerv\\programacion\\javascript\\Fullstackopen\\parte5\\bloglist-frontend\\src\\components\\Notification.jsx": {"path":"C:\\Users\\cuerv\\programacion\\javascript\\Fullstackopen\\parte5\\bloglist-frontend\\src\\components\\Notification.jsx","statementMap":{"0":{"start":{"line":1,"column":0},"end":{"line":null,"column":-1}},"1":{"start":{"line":1,"column":25},"end":{"line":null,"column":-1}},"2":{"start":{"line":4,"column":2},"end":{"line":5,"column":72}}},"fnMap":{"0":{"name":"Notification","decl":{"start":{"line":3,"column":24},"end":{"line":3,"column":36}},"loc":{"start":{"line":3,"column":58},"end":{"line":7,"column":0}}}},"branchMap":{"0":{"loc":{"start":{"line":5,"column":20},"end":{"line":5,"column":58}},"type":"cond-expr","locations":[{"start":{"line":5,"column":20},"end":{"line":5,"column":58}},{"start":{"line":5,"column":61},"end":{"line":5,"column":65}}]}},"s":{"0":0,"1":0,"2":0},"f":{"0":0},"b":{"0":[0,0]}}
,"C:\\Users\\cuerv\\programacion\\javascript\\Fullstackopen\\parte5\\bloglist-frontend\\src\\components\\Toggable.jsx": {"path":"C:\\Users\\cuerv\\programacion\\javascript\\Fullstackopen\\parte5\\bloglist-frontend\\src\\components\\Toggable.jsx","statementMap":{"0":{"start":{"line":5,"column":32},"end":{"line":5,"column":47}},"1":{"start":{"line":7,"column":26},"end":{"line":7,"column":60}},"2":{"start":{"line":8,"column":26},"end":{"line":8,"column":60}},"3":{"start":{"line":10,"column":27},"end":{"line":12,"column":3}},"4":{"start":{"line":11,"column":4},"end":{"line":11,"column":24}},"5":{"start":{"line":13,"column":2},"end":{"line":23,"column":3}},"6":{"start":{"line":25,"column":0},"end":{"line":27,"column":1}}},"fnMap":{"0":{"name":"Toggable","decl":{"start":{"line":4,"column":24},"end":{"line":4,"column":32}},"loc":{"start":{"line":4,"column":61},"end":{"line":24,"column":1}},"line":4},"1":{"name":"(anonymous_1)","decl":{"start":{"line":10,"column":27},"end":{"line":10,"column":28}},"loc":{"start":{"line":10,"column":33},"end":{"line":12,"column":3}},"line":10}},"branchMap":{"0":{"loc":{"start":{"line":7,"column":37},"end":{"line":7,"column":58}},"type":"cond-expr","locations":[{"start":{"line":7,"column":47},"end":{"line":7,"column":53}},{"start":{"line":7,"column":56},"end":{"line":7,"column":58}}],"line":7},"1":{"loc":{"start":{"line":8,"column":37},"end":{"line":8,"column":58}},"type":"cond-expr","locations":[{"start":{"line":8,"column":47},"end":{"line":8,"column":49}},{"start":{"line":8,"column":52},"end":{"line":8,"column":58}}],"line":8}},"s":{"0":13,"1":13,"2":13,"3":13,"4":5,"5":13,"6":2},"f":{"0":13,"1":5},"b":{"0":[4,9],"1":[4,9]},"_coverageSchema":"332fd63041d2c1bcb487cc26dd0d5f7d97098a6c","hash":"90e8a7802fd032744cecef6907415f7ae127e798"}
,"C:\\Users\\cuerv\\programacion\\javascript\\Fullstackopen\\parte5\\bloglist-frontend\\src\\components\\User.js": {"path":"C:\\Users\\cuerv\\programacion\\javascript\\Fullstackopen\\parte5\\bloglist-frontend\\src\\components\\User.js","statementMap":{"0":{"start":{"line":1,"column":0},"end":{"line":null,"column":-1}},"1":{"start":{"line":1,"column":25},"end":{"line":null,"column":-1}},"2":{"start":{"line":4,"column":22},"end":{"line":7,"column":3}},"3":{"start":{"line":5,"column":4},"end":{"line":5,"column":31}},"4":{"start":{"line":6,"column":4},"end":{"line":6,"column":21}},"5":{"start":{"line":8,"column":2},"end":{"line":12,"column":10}}},"fnMap":{"0":{"name":"User","decl":{"start":{"line":3,"column":24},"end":{"line":3,"column":28}},"loc":{"start":{"line":3,"column":53},"end":{"line":14,"column":0}}},"1":{"name":"(anonymous_1)","decl":{"start":{"line":4,"column":22},"end":{"line":4,"column":21}},"loc":{"start":{"line":4,"column":28},"end":{"line":7,"column":3}}}},"branchMap":{},"s":{"0":0,"1":0,"2":0,"3":0,"4":0,"5":0},"f":{"0":0,"1":0},"b":{}}
,"C:\\Users\\cuerv\\programacion\\javascript\\Fullstackopen\\parte5\\bloglist-frontend\\src\\services\\blogs.js": {"path":"C:\\Users\\cuerv\\programacion\\javascript\\Fullstackopen\\parte5\\bloglist-frontend\\src\\services\\blogs.js","statementMap":{"0":{"start":{"line":2,"column":0},"end":{"line":null,"column":-1}},"1":{"start":{"line":3,"column":16},"end":{"line":3,"column":28}},"2":{"start":{"line":4,"column":12},"end":{"line":4,"column":16}},"3":{"start":{"line":6,"column":12},"end":{"line":8,"column":1}},"4":{"start":{"line":9,"column":0},"end":{"line":9,"column":16}},"5":{"start":{"line":10,"column":17},"end":{"line":13,"column":1}},"6":{"start":{"line":11,"column":2},"end":{"line":11,"column":39}},"7":{"start":{"line":12,"column":2},"end":{"line":12,"column":30}},"8":{"start":{"line":14,"column":15},"end":{"line":17,"column":1}},"9":{"start":{"line":15,"column":18},"end":{"line":15,"column":36}},"10":{"start":{"line":16,"column":2},"end":{"line":16,"column":48}},"11":{"start":{"line":16,"column":34},"end":{"line":16,"column":47}},"12":{"start":{"line":18,"column":16},"end":{"line":24,"column":1}},"13":{"start":{"line":19,"column":17},"end":{"line":21,"column":3}},"14":{"start":{"line":22,"column":18},"end":{"line":22,"column":50}},"15":{"start":{"line":23,"column":2},"end":{"line":23,"column":70}},"16":{"start":{"line":23,"column":29},"end":{"line":23,"column":37}},"17":{"start":{"line":23,"column":52},"end":{"line":23,"column":69}},"18":{"start":{"line":25,"column":21},"end":{"line":31,"column":1}},"19":{"start":{"line":26,"column":17},"end":{"line":28,"column":3}},"20":{"start":{"line":29,"column":18},"end":{"line":29,"column":70}},"21":{"start":{"line":30,"column":2},"end":{"line":30,"column":70}},"22":{"start":{"line":30,"column":29},"end":{"line":30,"column":37}},"23":{"start":{"line":30,"column":52},"end":{"line":30,"column":69}},"24":{"start":{"line":32,"column":20},"end":{"line":40,"column":1}},"25":{"start":{"line":33,"column":17},"end":{"line":36,"column":3}},"26":{"start":{"line":37,"column":2},"end":{"line":37,"column":21}},"27":{"start":{"line":38,"column":18},"end":{"line":38,"column":62}},"28":{"start":{"line":39,"column":2},"end":{"line":39,"column":70}},"29":{"start":{"line":39,"column":29},"end":{"line":39,"column":37}},"30":{"start":{"line":39,"column":52},"end":{"line":39,"column":69}},"31":{"start":{"line":42,"column":15},"end":{"line":42,"column":68}},"32":{"start":{"line":42,"column":68},"end":{"line":null,"column":-1}}},"fnMap":{"0":{"name":"(anonymous_0)","decl":{"start":{"line":10,"column":17},"end":{"line":10,"column":24}},"loc":{"start":{"line":10,"column":29},"end":{"line":13,"column":1}}},"1":{"name":"(anonymous_1)","decl":{"start":{"line":14,"column":15},"end":{"line":14,"column":14}},"loc":{"start":{"line":14,"column":21},"end":{"line":17,"column":1}}},"2":{"name":"(anonymous_2)","decl":{"start":{"line":16,"column":22},"end":{"line":16,"column":29}},"loc":{"start":{"line":16,"column":34},"end":{"line":16,"column":47}}},"3":{"name":"(anonymous_3)","decl":{"start":{"line":18,"column":16},"end":{"line":18,"column":18}},"loc":{"start":{"line":18,"column":24},"end":{"line":24,"column":1}}},"4":{"name":"(anonymous_4)","decl":{"start":{"line":23,"column":22},"end":{"line":23,"column":24}},"loc":{"start":{"line":23,"column":29},"end":{"line":23,"column":37}}},"5":{"name":"(anonymous_5)","decl":{"start":{"line":23,"column":45},"end":{"line":23,"column":47}},"loc":{"start":{"line":23,"column":52},"end":{"line":23,"column":69}}},"6":{"name":"(anonymous_6)","decl":{"start":{"line":25,"column":21},"end":{"line":25,"column":23}},"loc":{"start":{"line":25,"column":29},"end":{"line":31,"column":1}}},"7":{"name":"(anonymous_7)","decl":{"start":{"line":30,"column":22},"end":{"line":30,"column":24}},"loc":{"start":{"line":30,"column":29},"end":{"line":30,"column":37}}},"8":{"name":"(anonymous_8)","decl":{"start":{"line":30,"column":45},"end":{"line":30,"column":47}},"loc":{"start":{"line":30,"column":52},"end":{"line":30,"column":69}}},"9":{"name":"(anonymous_9)","decl":{"start":{"line":32,"column":20},"end":{"line":32,"column":22}},"loc":{"start":{"line":32,"column":28},"end":{"line":40,"column":1}}},"10":{"name":"(anonymous_10)","decl":{"start":{"line":39,"column":22},"end":{"line":39,"column":24}},"loc":{"start":{"line":39,"column":29},"end":{"line":39,"column":37}}},"11":{"name":"(anonymous_11)","decl":{"start":{"line":39,"column":45},"end":{"line":39,"column":47}},"loc":{"start":{"line":39,"column":52},"end":{"line":39,"column":69}}}},"branchMap":{},"s":{"0":0,"1":0,"2":0,"3":0,"4":0,"5":0,"6":0,"7":0,"8":0,"9":0,"10":0,"11":0,"12":0,"13":0,"14":0,"15":0,"16":0,"17":0,"18":0,"19":0,"20":0,"21":0,"22":0,"23":0,"24":0,"25":0,"26":0,"27":0,"28":0,"29":0,"30":0,"31":0,"32":0},"f":{"0":0,"1":0,"2":0,"3":0,"4":0,"5":0,"6":0,"7":0,"8":0,"9":0,"10":0,"11":0},"b":{}}
,"C:\\Users\\cuerv\\programacion\\javascript\\Fullstackopen\\parte5\\bloglist-frontend\\src\\services\\users.js": {"path":"C:\\Users\\cuerv\\programacion\\javascript\\Fullstackopen\\parte5\\bloglist-frontend\\src\\services\\users.js","statementMap":{"0":{"start":{"line":1,"column":0},"end":{"line":null,"column":-1}},"1":{"start":{"line":2,"column":16},"end":{"line":2,"column":28}},"2":{"start":{"line":4,"column":15},"end":{"line":7,"column":1}},"3":{"start":{"line":5,"column":14},"end":{"line":5,"column":46}},"4":{"start":{"line":6,"column":2},"end":{"line":6,"column":76}},"5":{"start":{"line":6,"column":30},"end":{"line":6,"column":43}},"6":{"start":{"line":6,"column":58},"end":{"line":6,"column":75}},"7":{"start":{"line":9,"column":15},"end":{"line":9,"column":24}},"8":{"start":{"line":9,"column":24},"end":{"line":null,"column":-1}}},"fnMap":{"0":{"name":"(anonymous_0)","decl":{"start":{"line":4,"column":15},"end":{"line":4,"column":25}},"loc":{"start":{"line":4,"column":31},"end":{"line":7,"column":1}}},"1":{"name":"(anonymous_1)","decl":{"start":{"line":6,"column":18},"end":{"line":6,"column":25}},"loc":{"start":{"line":6,"column":30},"end":{"line":6,"column":43}}},"2":{"name":"(anonymous_2)","decl":{"start":{"line":6,"column":51},"end":{"line":6,"column":53}},"loc":{"start":{"line":6,"column":58},"end":{"line":6,"column":75}}}},"branchMap":{},"s":{"0":0,"1":0,"2":0,"3":0,"4":0,"5":0,"6":0,"7":0,"8":0},"f":{"0":0,"1":0,"2":0},"b":{}}
}
