TN:
SF:C:\Users\cuerv\programacion\javascript\Fullstackopen\parte5\bloglist-frontend\src\App.js
FN:11,_getRequireWildcardCache
FN:13,(anonymous_3)
FN:20,(anonymous_4)
FN:21,(anonymous_5)
FN:26,(anonymous_6)
FN:34,(anonymous_7)
FN:36,(anonymous_8)
FN:42,(anonymous_9)
FN:45,(anonymous_10)
FN:50,(anonymous_11)
FN:52,(anonymous_12)
FN:55,(anonymous_13)
FN:60,(anonymous_14)
FN:63,(anonymous_15)
FN:68,(anonymous_16)
FN:70,(anonymous_17)
FN:71,(anonymous_18)
FN:77,(anonymous_19)
FN:81,(anonymous_20)
FN:83,(anonymous_21)
FN:85,(anonymous_22)
FN:88,(anonymous_23)
FN:90,(anonymous_24)
FN:91,(anonymous_25)
FN:107,(anonymous_26)
FN:125,(anonymous_27)
FN:142,(anonymous_28)
FNF:27
FNH:0
FNDA:0,_getRequireWildcardCache
FNDA:0,(anonymous_3)
FNDA:0,(anonymous_4)
FNDA:0,(anonymous_5)
FNDA:0,(anonymous_6)
FNDA:0,(anonymous_7)
FNDA:0,(anonymous_8)
FNDA:0,(anonymous_9)
FNDA:0,(anonymous_10)
FNDA:0,(anonymous_11)
FNDA:0,(anonymous_12)
FNDA:0,(anonymous_13)
FNDA:0,(anonymous_14)
FNDA:0,(anonymous_15)
FNDA:0,(anonymous_16)
FNDA:0,(anonymous_17)
FNDA:0,(anonymous_18)
FNDA:0,(anonymous_19)
FNDA:0,(anonymous_20)
FNDA:0,(anonymous_21)
FNDA:0,(anonymous_22)
FNDA:0,(anonymous_23)
FNDA:0,(anonymous_24)
FNDA:0,(anonymous_25)
FNDA:0,(anonymous_26)
FNDA:0,(anonymous_27)
FNDA:0,(anonymous_28)
DA:1,0
DA:3,0
DA:4,0
DA:5,0
DA:6,0
DA:7,0
DA:8,0
DA:9,0
DA:10,0
DA:11,0
DA:13,0
DA:14,0
DA:15,0
DA:17,0
DA:18,0
DA:20,0
DA:21,0
DA:22,0
DA:26,0
DA:27,0
DA:28,0
DA:29,0
DA:30,0
DA:31,0
DA:34,0
DA:35,0
DA:37,0
DA:40,0
DA:41,0
DA:43,0
DA:44,0
DA:45,0
DA:46,0
DA:50,0
DA:51,0
DA:53,0
DA:54,0
DA:55,0
DA:56,0
DA:59,0
DA:61,0
DA:62,0
DA:63,0
DA:64,0
DA:68,0
DA:69,0
DA:71,0
DA:72,0
DA:73,0
DA:75,0
DA:78,0
DA:81,0
DA:82,0
DA:84,0
DA:85,0
DA:88,0
DA:90,0
DA:91,0
DA:92,0
DA:93,0
DA:95,0
DA:96,0
DA:98,0
DA:100,0
DA:102,0
DA:103,0
DA:107,0
DA:126,0
DA:139,0
DA:142,0
DA:147,0
LF:71
LH:0
BRDA:11,0,0,0
BRDA:11,0,1,0
BRDA:11,1,0,0
BRDA:11,1,1,0
BRDA:11,1,2,0
BRDA:28,2,0,0
BRDA:28,2,1,0
BRDA:72,3,0,0
BRDA:72,3,1,0
BRDA:92,4,0,0
BRDA:92,4,1,0
BRDA:95,5,0,0
BRDA:95,5,1,0
BRDA:102,6,0,0
BRDA:102,6,1,0
BRDA:125,7,0,0
BRDA:125,7,1,0
BRDA:124,8,0,0
BRDA:124,8,1,0
BRF:19
BRH:0
end_of_record
TN:
SF:C:\Users\cuerv\programacion\javascript\Fullstackopen\parte5\bloglist-frontend\src\index.js
FNF:0
FNH:0
DA:1,0
DA:3,0
DA:4,0
DA:6,0
LF:4
LH:0
BRF:0
BRH:0
end_of_record
TN:
SF:C:\Users\cuerv\programacion\javascript\Fullstackopen\parte5\bloglist-frontend\src\components\Blog.js
FN:4,(anonymous_0)
FN:5,(anonymous_1)
FN:10,(anonymous_2)
FNF:3
FNH:3
FNDA:4,(anonymous_0)
FNDA:2,(anonymous_1)
FNDA:1,(anonymous_2)
DA:4,1
DA:5,4
DA:6,2
DA:10,4
DA:11,1
DA:12,1
DA:13,1
DA:17,4
LF:8
LH:8
BRDA:12,0,0,1
BRDA:12,0,1,0
BRF:2
BRH:1
end_of_record
TN:
SF:C:\Users\cuerv\programacion\javascript\Fullstackopen\parte5\bloglist-frontend\src\components\FormBlogCreate.js
FN:4,FormBlogCreate
FN:10,(anonymous_1)
FN:27,(anonymous_2)
FN:37,(anonymous_3)
FN:47,(anonymous_4)
FNF:5
FNH:5
FNDA:5,FormBlogCreate
FNDA:1,(anonymous_1)
FNDA:1,(anonymous_2)
FNDA:1,(anonymous_3)
FNDA:1,(anonymous_4)
DA:5,5
DA:6,5
DA:7,5
DA:10,5
DA:11,1
DA:12,1
DA:14,1
DA:15,1
DA:16,1
DA:18,5
DA:27,1
DA:37,1
DA:47,1
LF:13
LH:13
BRF:0
BRH:0
end_of_record
TN:
SF:C:\Users\cuerv\programacion\javascript\Fullstackopen\parte5\bloglist-frontend\src\components\FormLogin.js
FN:1,_getRequireWildcardCache
FN:3,FormLogin
FN:8,(anonymous_4)
FN:25,(anonymous_5)
FN:34,(anonymous_6)
FNF:5
FNH:0
FNDA:0,_getRequireWildcardCache
FNDA:0,FormLogin
FNDA:0,(anonymous_4)
FNDA:0,(anonymous_5)
FNDA:0,(anonymous_6)
DA:1,0
DA:4,0
DA:5,0
DA:8,0
DA:9,0
DA:10,0
DA:12,0
DA:13,0
DA:16,0
DA:25,0
DA:34,0
LF:11
LH:0
BRDA:1,0,0,0
BRDA:1,0,1,0
BRDA:1,1,0,0
BRDA:1,1,1,0
BRDA:1,1,2,0
BRF:5
BRH:0
end_of_record
TN:
SF:C:\Users\cuerv\programacion\javascript\Fullstackopen\parte5\bloglist-frontend\src\components\Notification.jsx
FN:3,Notification
FNF:1
FNH:0
FNDA:0,Notification
DA:1,0
DA:4,0
LF:2
LH:0
BRDA:5,0,0,0
BRDA:5,0,1,0
BRF:2
BRH:0
end_of_record
TN:
SF:C:\Users\cuerv\programacion\javascript\Fullstackopen\parte5\bloglist-frontend\src\components\Toggable.jsx
FN:4,Toggable
FN:10,(anonymous_1)
FNF:2
FNH:2
FNDA:13,Toggable
FNDA:5,(anonymous_1)
DA:5,13
DA:7,13
DA:8,13
DA:10,13
DA:11,5
DA:13,13
DA:25,2
LF:7
LH:7
BRDA:7,0,0,4
BRDA:7,0,1,9
BRDA:8,1,0,4
BRDA:8,1,1,9
BRF:4
BRH:4
end_of_record
TN:
SF:C:\Users\cuerv\programacion\javascript\Fullstackopen\parte5\bloglist-frontend\src\components\User.js
FN:3,User
FN:4,(anonymous_1)
FNF:2
FNH:0
FNDA:0,User
FNDA:0,(anonymous_1)
DA:1,0
DA:4,0
DA:5,0
DA:6,0
DA:8,0
LF:5
LH:0
BRF:0
BRH:0
end_of_record
TN:
SF:C:\Users\cuerv\programacion\javascript\Fullstackopen\parte5\bloglist-frontend\src\services\blogs.js
FN:10,(anonymous_0)
FN:14,(anonymous_1)
FN:16,(anonymous_2)
FN:18,(anonymous_3)
FN:23,(anonymous_4)
FN:23,(anonymous_5)
FN:25,(anonymous_6)
FN:30,(anonymous_7)
FN:30,(anonymous_8)
FN:32,(anonymous_9)
FN:39,(anonymous_10)
FN:39,(anonymous_11)
FNF:12
FNH:0
FNDA:0,(anonymous_0)
FNDA:0,(anonymous_1)
FNDA:0,(anonymous_2)
FNDA:0,(anonymous_3)
FNDA:0,(anonymous_4)
FNDA:0,(anonymous_5)
FNDA:0,(anonymous_6)
FNDA:0,(anonymous_7)
FNDA:0,(anonymous_8)
FNDA:0,(anonymous_9)
FNDA:0,(anonymous_10)
FNDA:0,(anonymous_11)
DA:2,0
DA:3,0
DA:4,0
DA:6,0
DA:9,0
DA:10,0
DA:11,0
DA:12,0
DA:14,0
DA:15,0
DA:16,0
DA:18,0
DA:19,0
DA:22,0
DA:23,0
DA:25,0
DA:26,0
DA:29,0
DA:30,0
DA:32,0
DA:33,0
DA:37,0
DA:38,0
DA:39,0
DA:42,0
LF:25
LH:0
BRF:0
BRH:0
end_of_record
TN:
SF:C:\Users\cuerv\programacion\javascript\Fullstackopen\parte5\bloglist-frontend\src\services\users.js
FN:4,(anonymous_0)
FN:6,(anonymous_1)
FN:6,(anonymous_2)
FNF:3
FNH:0
FNDA:0,(anonymous_0)
FNDA:0,(anonymous_1)
FNDA:0,(anonymous_2)
DA:1,0
DA:2,0
DA:4,0
DA:5,0
DA:6,0
DA:9,0
LF:6
LH:0
BRF:0
BRH:0
end_of_record
